Arguments: 
  /Users/heberth/.asdf/installs/nodejs/14.16.0/bin/node /Users/heberth/.asdf/installs/nodejs/14.16.0/.npm/bin/yarn plugin import workspace-tools

PATH: 
  /Users/heberth/.asdf/installs/nodejs/14.16.0/bin:/Users/heberth/.asdf/installs/nodejs/14.16.0/.npm/bin:/Users/heberth/.asdf/shims:/usr/local/opt/asdf/bin:/Users/heberth/.asdf/bin:/Library/Frameworks/Python.framework/Versions/3.9/bin:/usr/local/bin:/usr/bin:/bin:/usr/sbin:/sbin:/Library/Apple/usr/bin:/Library/Frameworks/Python.framework/Versions/3.9/bin

Yarn version: 
  1.22.10

Node version: 
  14.16.0

Platform: 
  darwin x64

Trace: 
  SyntaxError: /Users/heberth/Documents/projetos/projetoartista/package.json: Unexpected end of JSON input
      at JSON.parse (<anonymous>)
      at /Users/heberth/.asdf/installs/nodejs/14.16.0/.npm/lib/node_modules/yarn/lib/cli.js:1625:59
      at Generator.next (<anonymous>)
      at step (/Users/heberth/.asdf/installs/nodejs/14.16.0/.npm/lib/node_modules/yarn/lib/cli.js:310:30)
      at /Users/heberth/.asdf/installs/nodejs/14.16.0/.npm/lib/node_modules/yarn/lib/cli.js:321:13

npm manifest: 
  

yarn manifest: 
  No manifest

Lockfile: 
  No lockfile
